2022-02-24 15:16:20,619 INFO    MainThread:28960 [internal.py:wandb_internal():89] W&B internal server running at pid: 28960, started at: 2022-02-24 15:16:20.618113
2022-02-24 15:16:20,623 INFO    WriterThread:28960 [datastore.py:open_for_write():77] open: C:\Users\91992\DLCVNLP\CV_Projects\Pytorch-UNet\wandb\run-20220224_151610-37i3njls\run-37i3njls.wandb
2022-02-24 15:16:20,624 DEBUG   HandlerThread:28960 [handler.py:handle_request():131] handle_request: check_version
2022-02-24 15:16:20,634 DEBUG   SenderThread:28960 [sender.py:send():235] send: header
2022-02-24 15:16:20,634 DEBUG   SenderThread:28960 [sender.py:send_request():249] send_request: check_version
2022-02-24 15:16:20,708 DEBUG   SenderThread:28960 [sender.py:send():235] send: run
2022-02-24 15:16:20,713 INFO    SenderThread:28960 [sender.py:_maybe_setup_resume():489] checking resume status for None/U-Net/37i3njls
2022-02-24 15:16:21,817 DEBUG   HandlerThread:28960 [handler.py:handle_request():131] handle_request: run_start
2022-02-24 15:16:21,915 DEBUG   HandlerThread:28960 [meta.py:__init__():36] meta init
2022-02-24 15:16:21,919 DEBUG   HandlerThread:28960 [meta.py:__init__():50] meta init done
2022-02-24 15:16:21,920 DEBUG   HandlerThread:28960 [meta.py:probe():210] probe
2022-02-24 15:16:21,924 INFO    SenderThread:28960 [dir_watcher.py:__init__():169] watching files in: C:\Users\91992\DLCVNLP\CV_Projects\Pytorch-UNet\wandb\run-20220224_151610-37i3njls\files
2022-02-24 15:16:21,924 INFO    SenderThread:28960 [sender.py:_start_run_threads():809] run started: 37i3njls with start time 1645695971
2022-02-24 15:16:21,924 DEBUG   SenderThread:28960 [sender.py:send():235] send: summary
2022-02-24 15:16:21,926 INFO    SenderThread:28960 [sender.py:_save_file():944] saving file wandb-summary.json with policy end
2022-02-24 15:16:22,234 DEBUG   HandlerThread:28960 [git.py:repo():33] git repository is invalid
2022-02-24 15:16:22,235 DEBUG   HandlerThread:28960 [meta.py:_save_pip():54] save pip
2022-02-24 15:16:22,239 DEBUG   HandlerThread:28960 [meta.py:_save_pip():68] save pip done
2022-02-24 15:16:22,242 DEBUG   HandlerThread:28960 [meta.py:_save_conda():75] save conda
2022-02-24 15:16:22,942 INFO    Thread-13 :28960 [dir_watcher.py:_on_file_created():217] file/dir created: C:\Users\91992\DLCVNLP\CV_Projects\Pytorch-UNet\wandb\run-20220224_151610-37i3njls\files\requirements.txt
2022-02-24 15:16:22,943 INFO    Thread-13 :28960 [dir_watcher.py:_on_file_created():217] file/dir created: C:\Users\91992\DLCVNLP\CV_Projects\Pytorch-UNet\wandb\run-20220224_151610-37i3njls\files\conda-environment.yaml
2022-02-24 15:16:22,945 INFO    Thread-13 :28960 [dir_watcher.py:_on_file_created():217] file/dir created: C:\Users\91992\DLCVNLP\CV_Projects\Pytorch-UNet\wandb\run-20220224_151610-37i3njls\files\wandb-summary.json
2022-02-24 15:16:27,138 INFO    Thread-13 :28960 [dir_watcher.py:_on_file_created():217] file/dir created: C:\Users\91992\DLCVNLP\CV_Projects\Pytorch-UNet\wandb\run-20220224_151610-37i3njls\files\output.log
2022-02-24 15:16:30,174 INFO    Thread-13 :28960 [dir_watcher.py:_on_file_modified():230] file/dir modified: C:\Users\91992\DLCVNLP\CV_Projects\Pytorch-UNet\wandb\run-20220224_151610-37i3njls\files\output.log
2022-02-24 15:16:38,344 INFO    Thread-13 :28960 [dir_watcher.py:_on_file_modified():230] file/dir modified: C:\Users\91992\DLCVNLP\CV_Projects\Pytorch-UNet\wandb\run-20220224_151610-37i3njls\files\conda-environment.yaml
2022-02-24 15:16:38,710 DEBUG   HandlerThread:28960 [meta.py:_save_conda():85] save conda done
2022-02-24 15:16:38,711 DEBUG   HandlerThread:28960 [meta.py:probe():248] probe done
2022-02-24 15:16:39,372 INFO    Thread-13 :28960 [dir_watcher.py:_on_file_created():217] file/dir created: C:\Users\91992\DLCVNLP\CV_Projects\Pytorch-UNet\wandb\run-20220224_151610-37i3njls\files\wandb-metadata.json
2022-02-24 15:16:41,472 DEBUG   HandlerThread:28960 [handler.py:handle_request():131] handle_request: stop_status
2022-02-24 15:16:41,473 DEBUG   SenderThread:28960 [sender.py:send_request():249] send_request: stop_status
2022-02-24 15:16:41,894 DEBUG   SenderThread:28960 [sender.py:send():235] send: config
2022-02-24 15:16:41,895 DEBUG   SenderThread:28960 [sender.py:send():235] send: files
2022-02-24 15:16:41,895 INFO    SenderThread:28960 [sender.py:_save_file():944] saving file wandb-metadata.json with policy now
2022-02-24 15:16:43,010 INFO    Thread-15 :28960 [upload_job.py:push():137] Uploaded file C:\Users\91992\AppData\Local\Temp\tmpeaht64bkwandb\uy3d0so4-wandb-metadata.json
2022-02-24 15:16:46,983 DEBUG   HandlerThread:28960 [handler.py:handle_request():131] handle_request: stop_status
2022-02-24 15:16:46,984 DEBUG   SenderThread:28960 [sender.py:send_request():249] send_request: stop_status
2022-02-24 15:16:52,734 INFO    Thread-13 :28960 [dir_watcher.py:_on_file_modified():230] file/dir modified: C:\Users\91992\DLCVNLP\CV_Projects\Pytorch-UNet\wandb\run-20220224_151610-37i3njls\files\config.yaml
2022-02-24 15:16:57,581 DEBUG   SenderThread:28960 [sender.py:send():235] send: stats
2022-02-24 15:17:02,422 DEBUG   HandlerThread:28960 [handler.py:handle_request():131] handle_request: stop_status
2022-02-24 15:17:02,423 DEBUG   SenderThread:28960 [sender.py:send_request():249] send_request: stop_status
2022-02-24 15:17:17,781 DEBUG   HandlerThread:28960 [handler.py:handle_request():131] handle_request: stop_status
2022-02-24 15:17:17,781 DEBUG   SenderThread:28960 [sender.py:send_request():249] send_request: stop_status
2022-02-24 15:17:33,152 DEBUG   HandlerThread:28960 [handler.py:handle_request():131] handle_request: stop_status
2022-02-24 15:17:33,153 DEBUG   SenderThread:28960 [sender.py:send_request():249] send_request: stop_status
2022-02-24 15:17:34,843 DEBUG   SenderThread:28960 [sender.py:send():235] send: stats
2022-02-24 15:17:37,962 INFO    Thread-13 :28960 [dir_watcher.py:_on_file_modified():230] file/dir modified: C:\Users\91992\DLCVNLP\CV_Projects\Pytorch-UNet\wandb\run-20220224_151610-37i3njls\files\output.log
2022-02-24 15:17:48,577 DEBUG   HandlerThread:28960 [handler.py:handle_request():131] handle_request: stop_status
2022-02-24 15:17:48,577 DEBUG   SenderThread:28960 [sender.py:send_request():249] send_request: stop_status
2022-02-24 15:18:04,001 DEBUG   HandlerThread:28960 [handler.py:handle_request():131] handle_request: stop_status
2022-02-24 15:18:04,002 DEBUG   SenderThread:28960 [sender.py:send_request():249] send_request: stop_status
2022-02-24 15:18:15,467 DEBUG   SenderThread:28960 [sender.py:send():235] send: stats
2022-02-24 15:18:19,511 DEBUG   HandlerThread:28960 [handler.py:handle_request():131] handle_request: stop_status
2022-02-24 15:18:19,512 DEBUG   SenderThread:28960 [sender.py:send_request():249] send_request: stop_status
2022-02-24 15:18:35,258 DEBUG   HandlerThread:28960 [handler.py:handle_request():131] handle_request: stop_status
2022-02-24 15:18:35,302 DEBUG   SenderThread:28960 [sender.py:send_request():249] send_request: stop_status
2022-02-24 15:18:50,860 DEBUG   HandlerThread:28960 [handler.py:handle_request():131] handle_request: stop_status
2022-02-24 15:18:50,860 DEBUG   SenderThread:28960 [sender.py:send_request():249] send_request: stop_status
2022-02-24 15:18:55,309 WARNING MainThread:28960 [internal.py:wandb_internal():152] Internal process interrupt: 1
2022-02-24 15:19:01,034 DEBUG   SenderThread:28960 [sender.py:send():235] send: stats
2022-02-24 15:19:06,297 DEBUG   HandlerThread:28960 [handler.py:handle_request():131] handle_request: stop_status
2022-02-24 15:19:06,298 DEBUG   SenderThread:28960 [sender.py:send_request():249] send_request: stop_status
2022-02-24 15:19:26,354 DEBUG   HandlerThread:28960 [handler.py:handle_request():131] handle_request: stop_status
2022-02-24 15:19:40,136 ERROR   SenderThread:28960 [retry.py:__call__():126] Retry attempt failed:
Traceback (most recent call last):
  File "C:\Users\91992\anaconda3\lib\site-packages\urllib3\connectionpool.py", line 426, in _make_request
    six.raise_from(e, None)
  File "<string>", line 3, in raise_from
  File "C:\Users\91992\anaconda3\lib\site-packages\urllib3\connectionpool.py", line 421, in _make_request
    httplib_response = conn.getresponse()
  File "C:\Users\91992\anaconda3\lib\http\client.py", line 1371, in getresponse
    response.begin()
  File "C:\Users\91992\anaconda3\lib\http\client.py", line 319, in begin
    version, status, reason = self._read_status()
  File "C:\Users\91992\anaconda3\lib\http\client.py", line 280, in _read_status
    line = str(self.fp.readline(_MAXLINE + 1), "iso-8859-1")
  File "C:\Users\91992\anaconda3\lib\socket.py", line 704, in readinto
    return self._sock.recv_into(b)
  File "C:\Users\91992\anaconda3\lib\ssl.py", line 1241, in recv_into
    return self.read(nbytes, buffer)
  File "C:\Users\91992\anaconda3\lib\ssl.py", line 1099, in read
    return self._sslobj.read(len, buffer)
socket.timeout: The read operation timed out

During handling of the above exception, another exception occurred:

Traceback (most recent call last):
  File "C:\Users\91992\anaconda3\lib\site-packages\requests\adapters.py", line 440, in send
    resp = conn.urlopen(
  File "C:\Users\91992\anaconda3\lib\site-packages\urllib3\connectionpool.py", line 726, in urlopen
    retries = retries.increment(
  File "C:\Users\91992\anaconda3\lib\site-packages\urllib3\util\retry.py", line 410, in increment
    raise six.reraise(type(error), error, _stacktrace)
  File "C:\Users\91992\anaconda3\lib\site-packages\urllib3\packages\six.py", line 735, in reraise
    raise value
  File "C:\Users\91992\anaconda3\lib\site-packages\urllib3\connectionpool.py", line 670, in urlopen
    httplib_response = self._make_request(
  File "C:\Users\91992\anaconda3\lib\site-packages\urllib3\connectionpool.py", line 428, in _make_request
    self._raise_timeout(err=e, url=url, timeout_value=read_timeout)
  File "C:\Users\91992\anaconda3\lib\site-packages\urllib3\connectionpool.py", line 335, in _raise_timeout
    raise ReadTimeoutError(
urllib3.exceptions.ReadTimeoutError: HTTPSConnectionPool(host='api.wandb.ai', port=443): Read timed out. (read timeout=10)

During handling of the above exception, another exception occurred:

Traceback (most recent call last):
  File "C:\Users\91992\anaconda3\lib\site-packages\wandb\sdk\lib\retry.py", line 102, in __call__
    result = self._call_fn(*args, **kwargs)
  File "C:\Users\91992\anaconda3\lib\site-packages\wandb\sdk\internal\internal_api.py", line 140, in execute
    return self.client.execute(*args, **kwargs)
  File "C:\Users\91992\anaconda3\lib\site-packages\wandb\vendor\gql-0.2.0\gql\client.py", line 52, in execute
    result = self._get_result(document, *args, **kwargs)
  File "C:\Users\91992\anaconda3\lib\site-packages\wandb\vendor\gql-0.2.0\gql\client.py", line 60, in _get_result
    return self.transport.execute(document, *args, **kwargs)
  File "C:\Users\91992\anaconda3\lib\site-packages\wandb\vendor\gql-0.2.0\gql\transport\requests.py", line 38, in execute
    request = requests.post(self.url, **post_args)
  File "C:\Users\91992\anaconda3\lib\site-packages\requests\api.py", line 117, in post
    return request('post', url, data=data, json=json, **kwargs)
  File "C:\Users\91992\anaconda3\lib\site-packages\requests\api.py", line 61, in request
    return session.request(method=method, url=url, **kwargs)
  File "C:\Users\91992\anaconda3\lib\site-packages\requests\sessions.py", line 529, in request
    resp = self.send(prep, **send_kwargs)
  File "C:\Users\91992\anaconda3\lib\site-packages\requests\sessions.py", line 645, in send
    r = adapter.send(request, **kwargs)
  File "C:\Users\91992\anaconda3\lib\site-packages\requests\adapters.py", line 532, in send
    raise ReadTimeout(e, request=request)
requests.exceptions.ReadTimeout: HTTPSConnectionPool(host='api.wandb.ai', port=443): Read timed out. (read timeout=10)
2022-02-24 15:19:46,382 DEBUG   HandlerThread:28960 [handler.py:handle_request():131] handle_request: stop_status
2022-02-24 15:20:06,420 DEBUG   HandlerThread:28960 [handler.py:handle_request():131] handle_request: stop_status
2022-02-24 15:20:26,434 DEBUG   HandlerThread:28960 [handler.py:handle_request():131] handle_request: stop_status
2022-02-24 15:20:27,986 DEBUG   HandlerThread:28960 [handler.py:handle_request():131] handle_request: poll_exit
2022-02-24 15:20:28,031 INFO    Thread-13 :28960 [dir_watcher.py:_on_file_modified():230] file/dir modified: C:\Users\91992\DLCVNLP\CV_Projects\Pytorch-UNet\wandb\run-20220224_151610-37i3njls\files\output.log
2022-02-24 15:20:33,150 DEBUG   HandlerThread:28960 [handler.py:handle_request():131] handle_request: poll_exit
2022-02-24 15:20:34,536 DEBUG   SenderThread:28960 [sender.py:send_request():249] send_request: stop_status
2022-02-24 15:20:35,000 DEBUG   SenderThread:28960 [sender.py:send():235] send: stats
2022-02-24 15:20:35,000 DEBUG   SenderThread:28960 [sender.py:send_request():249] send_request: stop_status
2022-02-24 15:20:35,535 DEBUG   SenderThread:28960 [sender.py:send_request():249] send_request: stop_status
2022-02-24 15:20:35,985 DEBUG   SenderThread:28960 [sender.py:send():235] send: stats
2022-02-24 15:20:35,986 DEBUG   SenderThread:28960 [sender.py:send_request():249] send_request: stop_status
2022-02-24 15:20:36,443 DEBUG   SenderThread:28960 [sender.py:send():235] send: telemetry
2022-02-24 15:20:36,444 DEBUG   SenderThread:28960 [sender.py:send():235] send: exit
2022-02-24 15:20:36,444 INFO    SenderThread:28960 [sender.py:send_exit():371] handling exit code: 0
2022-02-24 15:20:36,445 INFO    SenderThread:28960 [sender.py:send_exit():373] handling runtime: 246
2022-02-24 15:20:36,446 INFO    SenderThread:28960 [sender.py:_save_file():944] saving file wandb-summary.json with policy end
2022-02-24 15:20:36,447 INFO    SenderThread:28960 [sender.py:send_exit():379] send defer
2022-02-24 15:20:36,447 DEBUG   SenderThread:28960 [sender.py:send_request():249] send_request: poll_exit
2022-02-24 15:20:36,448 DEBUG   SenderThread:28960 [sender.py:send_request():249] send_request: poll_exit
2022-02-24 15:20:36,449 DEBUG   HandlerThread:28960 [handler.py:handle_request():131] handle_request: defer
2022-02-24 15:20:36,449 INFO    HandlerThread:28960 [handler.py:handle_request_defer():154] handle defer: 0
2022-02-24 15:20:36,450 DEBUG   SenderThread:28960 [sender.py:send_request():249] send_request: defer
2022-02-24 15:20:36,450 INFO    SenderThread:28960 [sender.py:send_request_defer():388] handle sender defer: 0
2022-02-24 15:20:36,450 INFO    SenderThread:28960 [sender.py:transition_state():392] send defer: 1
2022-02-24 15:20:36,452 DEBUG   HandlerThread:28960 [handler.py:handle_request():131] handle_request: defer
2022-02-24 15:20:36,452 INFO    HandlerThread:28960 [handler.py:handle_request_defer():154] handle defer: 1
2022-02-24 15:20:36,565 DEBUG   SenderThread:28960 [sender.py:send_request():249] send_request: defer
2022-02-24 15:20:36,565 INFO    SenderThread:28960 [sender.py:send_request_defer():388] handle sender defer: 1
2022-02-24 15:20:36,566 INFO    SenderThread:28960 [sender.py:transition_state():392] send defer: 2
2022-02-24 15:20:36,567 DEBUG   SenderThread:28960 [sender.py:send():235] send: stats
2022-02-24 15:20:36,568 DEBUG   HandlerThread:28960 [handler.py:handle_request():131] handle_request: defer
2022-02-24 15:20:36,569 INFO    HandlerThread:28960 [handler.py:handle_request_defer():154] handle defer: 2
2022-02-24 15:20:36,569 DEBUG   SenderThread:28960 [sender.py:send_request():249] send_request: defer
2022-02-24 15:20:36,570 INFO    SenderThread:28960 [sender.py:send_request_defer():388] handle sender defer: 2
2022-02-24 15:20:36,570 INFO    SenderThread:28960 [sender.py:transition_state():392] send defer: 3
2022-02-24 15:20:36,572 DEBUG   HandlerThread:28960 [handler.py:handle_request():131] handle_request: defer
2022-02-24 15:20:36,572 INFO    HandlerThread:28960 [handler.py:handle_request_defer():154] handle defer: 3
2022-02-24 15:20:36,573 DEBUG   SenderThread:28960 [sender.py:send():235] send: summary
2022-02-24 15:20:36,574 INFO    SenderThread:28960 [sender.py:_save_file():944] saving file wandb-summary.json with policy end
2022-02-24 15:20:36,576 DEBUG   HandlerThread:28960 [handler.py:handle_request():131] handle_request: poll_exit
2022-02-24 15:20:36,577 DEBUG   SenderThread:28960 [sender.py:send_request():249] send_request: defer
2022-02-24 15:20:36,578 INFO    SenderThread:28960 [sender.py:send_request_defer():388] handle sender defer: 3
2022-02-24 15:20:36,578 INFO    SenderThread:28960 [sender.py:transition_state():392] send defer: 4
2022-02-24 15:20:36,578 DEBUG   SenderThread:28960 [sender.py:send_request():249] send_request: poll_exit
2022-02-24 15:20:36,579 DEBUG   HandlerThread:28960 [handler.py:handle_request():131] handle_request: defer
2022-02-24 15:20:36,579 INFO    HandlerThread:28960 [handler.py:handle_request_defer():154] handle defer: 4
2022-02-24 15:20:36,580 DEBUG   SenderThread:28960 [sender.py:send_request():249] send_request: defer
2022-02-24 15:20:36,580 INFO    SenderThread:28960 [sender.py:send_request_defer():388] handle sender defer: 4
2022-02-24 15:20:36,710 DEBUG   HandlerThread:28960 [handler.py:handle_request():131] handle_request: poll_exit
2022-02-24 15:20:37,127 INFO    Thread-13 :28960 [dir_watcher.py:_on_file_modified():230] file/dir modified: C:\Users\91992\DLCVNLP\CV_Projects\Pytorch-UNet\wandb\run-20220224_151610-37i3njls\files\wandb-summary.json
2022-02-24 15:20:37,241 INFO    SenderThread:28960 [sender.py:transition_state():392] send defer: 5
2022-02-24 15:20:37,242 DEBUG   SenderThread:28960 [sender.py:send_request():249] send_request: poll_exit
2022-02-24 15:20:37,246 DEBUG   HandlerThread:28960 [handler.py:handle_request():131] handle_request: defer
2022-02-24 15:20:37,247 INFO    HandlerThread:28960 [handler.py:handle_request_defer():154] handle defer: 5
2022-02-24 15:20:37,247 DEBUG   SenderThread:28960 [sender.py:send_request():249] send_request: defer
2022-02-24 15:20:37,248 INFO    SenderThread:28960 [sender.py:send_request_defer():388] handle sender defer: 5
2022-02-24 15:20:37,248 INFO    SenderThread:28960 [dir_watcher.py:finish():283] shutting down directory watcher
2022-02-24 15:20:37,360 DEBUG   HandlerThread:28960 [handler.py:handle_request():131] handle_request: poll_exit
2022-02-24 15:20:38,158 INFO    SenderThread:28960 [dir_watcher.py:_on_file_modified():230] file/dir modified: C:\Users\91992\DLCVNLP\CV_Projects\Pytorch-UNet\wandb\run-20220224_151610-37i3njls\files\config.yaml
2022-02-24 15:20:38,162 INFO    SenderThread:28960 [dir_watcher.py:finish():313] scan: C:\Users\91992\DLCVNLP\CV_Projects\Pytorch-UNet\wandb\run-20220224_151610-37i3njls\files
2022-02-24 15:20:38,164 INFO    SenderThread:28960 [dir_watcher.py:finish():327] scan save: C:\Users\91992\DLCVNLP\CV_Projects\Pytorch-UNet\wandb\run-20220224_151610-37i3njls\files\conda-environment.yaml conda-environment.yaml
2022-02-24 15:20:38,166 INFO    SenderThread:28960 [dir_watcher.py:finish():327] scan save: C:\Users\91992\DLCVNLP\CV_Projects\Pytorch-UNet\wandb\run-20220224_151610-37i3njls\files\config.yaml config.yaml
2022-02-24 15:20:38,168 INFO    SenderThread:28960 [dir_watcher.py:finish():327] scan save: C:\Users\91992\DLCVNLP\CV_Projects\Pytorch-UNet\wandb\run-20220224_151610-37i3njls\files\output.log output.log
2022-02-24 15:20:38,186 INFO    SenderThread:28960 [dir_watcher.py:finish():327] scan save: C:\Users\91992\DLCVNLP\CV_Projects\Pytorch-UNet\wandb\run-20220224_151610-37i3njls\files\requirements.txt requirements.txt
2022-02-24 15:20:38,202 INFO    SenderThread:28960 [dir_watcher.py:finish():327] scan save: C:\Users\91992\DLCVNLP\CV_Projects\Pytorch-UNet\wandb\run-20220224_151610-37i3njls\files\wandb-metadata.json wandb-metadata.json
2022-02-24 15:20:38,204 INFO    SenderThread:28960 [dir_watcher.py:finish():327] scan save: C:\Users\91992\DLCVNLP\CV_Projects\Pytorch-UNet\wandb\run-20220224_151610-37i3njls\files\wandb-summary.json wandb-summary.json
2022-02-24 15:20:38,218 INFO    SenderThread:28960 [sender.py:transition_state():392] send defer: 6
2022-02-24 15:20:38,218 DEBUG   SenderThread:28960 [sender.py:send_request():249] send_request: poll_exit
2022-02-24 15:20:38,221 DEBUG   HandlerThread:28960 [handler.py:handle_request():131] handle_request: defer
2022-02-24 15:20:38,222 INFO    HandlerThread:28960 [handler.py:handle_request_defer():154] handle defer: 6
2022-02-24 15:20:38,222 DEBUG   SenderThread:28960 [sender.py:send_request():249] send_request: defer
2022-02-24 15:20:38,222 INFO    SenderThread:28960 [sender.py:send_request_defer():388] handle sender defer: 6
2022-02-24 15:20:38,223 INFO    SenderThread:28960 [file_pusher.py:finish():177] shutting down file pusher
2022-02-24 15:20:38,333 DEBUG   HandlerThread:28960 [handler.py:handle_request():131] handle_request: poll_exit
2022-02-24 15:20:38,334 DEBUG   SenderThread:28960 [sender.py:send_request():249] send_request: poll_exit
2022-02-24 15:20:38,454 DEBUG   HandlerThread:28960 [handler.py:handle_request():131] handle_request: poll_exit
2022-02-24 15:20:38,455 DEBUG   SenderThread:28960 [sender.py:send_request():249] send_request: poll_exit
2022-02-24 15:20:38,564 DEBUG   HandlerThread:28960 [handler.py:handle_request():131] handle_request: poll_exit
2022-02-24 15:20:38,565 DEBUG   SenderThread:28960 [sender.py:send_request():249] send_request: poll_exit
2022-02-24 15:20:38,673 DEBUG   HandlerThread:28960 [handler.py:handle_request():131] handle_request: poll_exit
2022-02-24 15:20:38,674 DEBUG   SenderThread:28960 [sender.py:send_request():249] send_request: poll_exit
2022-02-24 15:20:38,842 DEBUG   HandlerThread:28960 [handler.py:handle_request():131] handle_request: poll_exit
2022-02-24 15:20:38,854 DEBUG   SenderThread:28960 [sender.py:send_request():249] send_request: poll_exit
2022-02-24 15:20:38,966 DEBUG   HandlerThread:28960 [handler.py:handle_request():131] handle_request: poll_exit
2022-02-24 15:20:38,967 DEBUG   SenderThread:28960 [sender.py:send_request():249] send_request: poll_exit
2022-02-24 15:20:39,080 DEBUG   HandlerThread:28960 [handler.py:handle_request():131] handle_request: poll_exit
2022-02-24 15:20:39,080 DEBUG   SenderThread:28960 [sender.py:send_request():249] send_request: poll_exit
2022-02-24 15:20:39,200 DEBUG   HandlerThread:28960 [handler.py:handle_request():131] handle_request: poll_exit
2022-02-24 15:20:39,200 DEBUG   SenderThread:28960 [sender.py:send_request():249] send_request: poll_exit
2022-02-24 15:20:39,307 DEBUG   HandlerThread:28960 [handler.py:handle_request():131] handle_request: poll_exit
2022-02-24 15:20:39,309 DEBUG   SenderThread:28960 [sender.py:send_request():249] send_request: poll_exit
2022-02-24 15:20:39,384 INFO    Thread-17 :28960 [upload_job.py:push():137] Uploaded file C:\Users\91992\DLCVNLP\CV_Projects\Pytorch-UNet\wandb\run-20220224_151610-37i3njls\files\config.yaml
2022-02-24 15:20:39,397 INFO    Thread-16 :28960 [upload_job.py:push():137] Uploaded file C:\Users\91992\DLCVNLP\CV_Projects\Pytorch-UNet\wandb\run-20220224_151610-37i3njls\files\conda-environment.yaml
2022-02-24 15:20:39,401 INFO    Thread-19 :28960 [upload_job.py:push():137] Uploaded file C:\Users\91992\DLCVNLP\CV_Projects\Pytorch-UNet\wandb\run-20220224_151610-37i3njls\files\requirements.txt
2022-02-24 15:20:39,418 DEBUG   HandlerThread:28960 [handler.py:handle_request():131] handle_request: poll_exit
2022-02-24 15:20:39,419 DEBUG   SenderThread:28960 [sender.py:send_request():249] send_request: poll_exit
2022-02-24 15:20:39,532 DEBUG   HandlerThread:28960 [handler.py:handle_request():131] handle_request: poll_exit
2022-02-24 15:20:39,532 DEBUG   SenderThread:28960 [sender.py:send_request():249] send_request: poll_exit
2022-02-24 15:20:39,572 INFO    Thread-20 :28960 [upload_job.py:push():137] Uploaded file C:\Users\91992\DLCVNLP\CV_Projects\Pytorch-UNet\wandb\run-20220224_151610-37i3njls\files\wandb-summary.json
2022-02-24 15:20:39,650 DEBUG   HandlerThread:28960 [handler.py:handle_request():131] handle_request: poll_exit
2022-02-24 15:20:39,650 DEBUG   SenderThread:28960 [sender.py:send_request():249] send_request: poll_exit
2022-02-24 15:20:39,757 DEBUG   HandlerThread:28960 [handler.py:handle_request():131] handle_request: poll_exit
2022-02-24 15:20:39,757 DEBUG   SenderThread:28960 [sender.py:send_request():249] send_request: poll_exit
2022-02-24 15:20:39,866 DEBUG   HandlerThread:28960 [handler.py:handle_request():131] handle_request: poll_exit
2022-02-24 15:20:39,867 DEBUG   SenderThread:28960 [sender.py:send_request():249] send_request: poll_exit
2022-02-24 15:20:39,975 DEBUG   HandlerThread:28960 [handler.py:handle_request():131] handle_request: poll_exit
2022-02-24 15:20:39,975 DEBUG   SenderThread:28960 [sender.py:send_request():249] send_request: poll_exit
2022-02-24 15:20:40,086 DEBUG   HandlerThread:28960 [handler.py:handle_request():131] handle_request: poll_exit
2022-02-24 15:20:40,086 DEBUG   SenderThread:28960 [sender.py:send_request():249] send_request: poll_exit
2022-02-24 15:20:40,105 INFO    Thread-18 :28960 [upload_job.py:push():137] Uploaded file C:\Users\91992\DLCVNLP\CV_Projects\Pytorch-UNet\wandb\run-20220224_151610-37i3njls\files\output.log
2022-02-24 15:20:40,198 DEBUG   HandlerThread:28960 [handler.py:handle_request():131] handle_request: poll_exit
2022-02-24 15:20:40,198 DEBUG   SenderThread:28960 [sender.py:send_request():249] send_request: poll_exit
2022-02-24 15:20:40,307 DEBUG   HandlerThread:28960 [handler.py:handle_request():131] handle_request: poll_exit
2022-02-24 15:20:40,307 DEBUG   SenderThread:28960 [sender.py:send_request():249] send_request: poll_exit
2022-02-24 15:20:40,323 INFO    Thread-12 :28960 [sender.py:transition_state():392] send defer: 7
2022-02-24 15:20:40,327 DEBUG   HandlerThread:28960 [handler.py:handle_request():131] handle_request: defer
2022-02-24 15:20:40,328 INFO    HandlerThread:28960 [handler.py:handle_request_defer():154] handle defer: 7
2022-02-24 15:20:40,329 DEBUG   SenderThread:28960 [sender.py:send_request():249] send_request: defer
2022-02-24 15:20:40,330 INFO    SenderThread:28960 [sender.py:send_request_defer():388] handle sender defer: 7
2022-02-24 15:20:40,418 DEBUG   HandlerThread:28960 [handler.py:handle_request():131] handle_request: poll_exit
2022-02-24 15:20:41,797 INFO    SenderThread:28960 [sender.py:transition_state():392] send defer: 8
2022-02-24 15:20:41,798 DEBUG   SenderThread:28960 [sender.py:send_request():249] send_request: poll_exit
2022-02-24 15:20:41,799 DEBUG   HandlerThread:28960 [handler.py:handle_request():131] handle_request: defer
2022-02-24 15:20:41,800 INFO    HandlerThread:28960 [handler.py:handle_request_defer():154] handle defer: 8
2022-02-24 15:20:41,800 DEBUG   SenderThread:28960 [sender.py:send_request():249] send_request: defer
2022-02-24 15:20:41,801 INFO    SenderThread:28960 [sender.py:send_request_defer():388] handle sender defer: 8
2022-02-24 15:20:41,801 INFO    SenderThread:28960 [sender.py:transition_state():392] send defer: 9
2022-02-24 15:20:41,803 DEBUG   SenderThread:28960 [sender.py:send():235] send: final
2022-02-24 15:20:41,804 DEBUG   SenderThread:28960 [sender.py:send():235] send: footer
2022-02-24 15:20:41,804 DEBUG   HandlerThread:28960 [handler.py:handle_request():131] handle_request: defer
2022-02-24 15:20:41,804 INFO    HandlerThread:28960 [handler.py:handle_request_defer():154] handle defer: 9
2022-02-24 15:20:41,805 DEBUG   SenderThread:28960 [sender.py:send_request():249] send_request: defer
2022-02-24 15:20:41,805 INFO    SenderThread:28960 [sender.py:send_request_defer():388] handle sender defer: 9
2022-02-24 15:20:41,910 DEBUG   HandlerThread:28960 [handler.py:handle_request():131] handle_request: poll_exit
2022-02-24 15:20:41,911 DEBUG   SenderThread:28960 [sender.py:send_request():249] send_request: poll_exit
2022-02-24 15:20:41,911 INFO    SenderThread:28960 [file_pusher.py:join():182] waiting for file pusher
2022-02-24 15:20:43,269 DEBUG   HandlerThread:28960 [handler.py:handle_request():131] handle_request: get_summary
2022-02-24 15:20:43,272 DEBUG   HandlerThread:28960 [handler.py:handle_request():131] handle_request: sampled_history
2022-02-24 15:20:43,274 DEBUG   HandlerThread:28960 [handler.py:handle_request():131] handle_request: shutdown
2022-02-24 15:20:43,274 INFO    HandlerThread:28960 [handler.py:finish():739] shutting down handler
2022-02-24 15:20:43,811 INFO    WriterThread:28960 [datastore.py:close():281] close: C:\Users\91992\DLCVNLP\CV_Projects\Pytorch-UNet\wandb\run-20220224_151610-37i3njls\run-37i3njls.wandb
2022-02-24 15:20:44,279 INFO    SenderThread:28960 [sender.py:finish():1075] shutting down sender
2022-02-24 15:20:44,279 INFO    SenderThread:28960 [file_pusher.py:finish():177] shutting down file pusher
2022-02-24 15:20:44,279 INFO    SenderThread:28960 [file_pusher.py:join():182] waiting for file pusher
2022-02-24 15:20:44,285 INFO    MainThread:28960 [internal.py:handle_exit():79] Internal process exited
